
=== Sat Feb 18 11:33:05 2023

Packages were changed.
Update Mode: updateDependencies

The following packages were updated:
  com.unity.collab-proxy from version 1.15.18 to 1.17.7
  com.unity.ide.rider from version 3.0.14 to 3.0.18
  com.unity.ide.visualstudio from version 2.0.15 to 2.0.17
  com.unity.render-pipelines.universal from version 12.1.7 to 12.1.9
  com.unity.visualscripting from version 1.7.8 to 1.8.0
  com.unity.xr.interaction.toolkit from version 2.0.2 to 2.2.0
  com.unity.xr.openxr from version 1.4.2 to 1.6.0

=== Wed Feb 22 12:31:00 2023

Packages were changed.
Update Mode: updateDependencies

The following packages were updated:
  com.unity.collab-proxy from version 1.17.7 to 2.0.0
  com.unity.render-pipelines.universal from version 12.1.9 to 12.1.10

=== Thu May 25 08:25:14 2023

Packages were changed.
Update Mode: updateDependencies

The following packages were updated:
  com.unity.collab-proxy from version 2.0.0 to 2.0.4
  com.unity.ide.rider from version 3.0.18 to 3.0.21
  com.unity.ide.visualstudio from version 2.0.17 to 2.0.18
  com.unity.render-pipelines.universal from version 12.1.10 to 12.1.11
  com.unity.timeline from version 1.6.4 to 1.6.5
  com.unity.xr.interaction.toolkit from version 2.2.0 to 2.3.1
  com.unity.xr.management from version 4.2.1 to 4.3.3
  com.unity.xr.oculus from version 3.2.2 to 3.3.0
  com.unity.xr.openxr from version 1.6.0 to 1.7.0
